<?xml version="1.0" encoding="UTF-8"?>
<!-- Generated by org.testng.reporters.JUnitReportReporter -->
<testsuite skipped="0" hostname="LAPTOP-BQ7298OG" name="com.inetBanking.testCases.TC_AddCustomerTest_003" tests="1" failures="0" timestamp="28 Apr 2020 04:38:58 GMT" time="16.481" errors="0">
  <testcase name="addNewCustomer" time="16.481" classname="com.inetBanking.testCases.TC_AddCustomerTest_003"/>
</testsuite> <!-- com.inetBanking.testCases.TC_AddCustomerTest_003 -->
