<?xml version="1.0" encoding="UTF-8"?>
<!-- Generated by org.testng.reporters.JUnitReportReporter -->
<testsuite skipped="0" hostname="LAPTOP-BQ7298OG" name="com.inetBanking.testCases.TC_AddCustomerTest_003" tests="1" failures="0" timestamp="01 May 2020 20:14:37 GMT" time="24.158" errors="0">
  <testcase name="addNewCustomer" time="24.158" classname="com.inetBanking.testCases.TC_AddCustomerTest_003"/>
</testsuite> <!-- com.inetBanking.testCases.TC_AddCustomerTest_003 -->
