<?xml version="1.0" encoding="UTF-8"?>
<!-- Generated by org.testng.reporters.JUnitReportReporter -->
<testsuite hostname="LAPTOP-BQ7298OG" failures="0" tests="1" name="com.inetBanking.testCases.TC_AddCustomerTest_003" time="45.170" errors="0" timestamp="29 Apr 2020 03:54:13 GMT" skipped="0">
  <testcase classname="com.inetBanking.testCases.TC_AddCustomerTest_003" name="addNewCustomer" time="45.170"/>
</testsuite> <!-- com.inetBanking.testCases.TC_AddCustomerTest_003 -->
