<?xml version="1.0" encoding="UTF-8"?>
<!-- Generated by org.testng.reporters.JUnitReportReporter -->
<testsuite hostname="LAPTOP-BQ7298OG" failures="0" tests="1" name="com.inetBanking.testCases.TC_LoginTest_001" time="20.018" errors="0" timestamp="29 Apr 2020 03:54:13 GMT" skipped="0">
  <testcase classname="com.inetBanking.testCases.TC_LoginTest_001" name="LoginTest" time="20.018"/>
</testsuite> <!-- com.inetBanking.testCases.TC_LoginTest_001 -->
